Analysis & Synthesis report for DDS
Thu Dec 19 16:58:40 2024
Quartus II 64-Bit Version 13.1.0 Build 162 10/23/2013 SJ Full Version


---------------------
; Table of Contents ;
---------------------
  1. Legal Notice
  2. Analysis & Synthesis Summary
  3. Analysis & Synthesis Settings
  4. Parallel Compilation
  5. Analysis & Synthesis Source Files Read
  6. Analysis & Synthesis Resource Usage Summary
  7. Analysis & Synthesis Resource Utilization by Entity
  8. Analysis & Synthesis RAM Summary
  9. Analysis & Synthesis IP Cores Summary
 10. General Register Statistics
 11. Inverted Register Statistics
 12. Multiplexer Restructuring Statistics (Restructuring Performed)
 13. Source assignments for DIV10:inst2|lpm_divide:LPM_DIVIDE_component|lpm_divide_gst:auto_generated|sign_div_unsign_e8i:divider|alt_u_div_tuf:divider
 14. Source assignments for sin_rom:inst5|altsyncram:altsyncram_component|altsyncram_loa1:auto_generated
 15. Parameter Settings for User Entity Instance: DIV10:inst2|lpm_divide:LPM_DIVIDE_component
 16. Parameter Settings for User Entity Instance: sin_rom:inst5|altsyncram:altsyncram_component
 17. Parameter Settings for User Entity Instance: add_off:inst6
 18. Parameter Settings for User Entity Instance: ADDER32:inst1|lpm_add_sub:LPM_ADD_SUB_component
 19. Parameter Settings for Inferred Entity Instance: add_off:inst6|lpm_divide:Div1
 20. Parameter Settings for Inferred Entity Instance: add_off:inst6|lpm_divide:Div0
 21. altsyncram Parameter Settings by Entity Instance
 22. Elapsed Time Per Partition
 23. Analysis & Synthesis Messages
 24. Analysis & Synthesis Suppressed Messages



----------------
; Legal Notice ;
----------------
Copyright (C) 1991-2013 Altera Corporation
Your use of Altera Corporation's design tools, logic functions 
and other software and tools, and its AMPP partner logic 
functions, and any output files from any of the foregoing 
(including device programming or simulation files), and any 
associated documentation or information are expressly subject 
to the terms and conditions of the Altera Program License 
Subscription Agreement, Altera MegaCore Function License 
Agreement, or other applicable license agreement, including, 
without limitation, that your use is for the sole purpose of 
programming logic devices manufactured by Altera and sold by 
Altera or its authorized distributors.  Please refer to the 
applicable agreement for further details.



+----------------------------------------------------------------------------------+
; Analysis & Synthesis Summary                                                     ;
+------------------------------------+---------------------------------------------+
; Analysis & Synthesis Status        ; Successful - Thu Dec 19 16:58:40 2024       ;
; Quartus II 64-Bit Version          ; 13.1.0 Build 162 10/23/2013 SJ Full Version ;
; Revision Name                      ; DDS                                         ;
; Top-level Entity Name              ; DDS                                         ;
; Family                             ; Cyclone IV GX                               ;
; Total logic elements               ; 562                                         ;
;     Total combinational functions  ; 525                                         ;
;     Dedicated logic registers      ; 99                                          ;
; Total registers                    ; 99                                          ;
; Total pins                         ; 61                                          ;
; Total virtual pins                 ; 0                                           ;
; Total memory bits                  ; 10,240                                      ;
; Embedded Multiplier 9-bit elements ; 0                                           ;
; Total GXB Receiver Channel PCS     ; 0                                           ;
; Total GXB Receiver Channel PMA     ; 0                                           ;
; Total GXB Transmitter Channel PCS  ; 0                                           ;
; Total GXB Transmitter Channel PMA  ; 0                                           ;
; Total PLLs                         ; 0                                           ;
+------------------------------------+---------------------------------------------+


+----------------------------------------------------------------------------------------------------------------------+
; Analysis & Synthesis Settings                                                                                        ;
+----------------------------------------------------------------------------+--------------------+--------------------+
; Option                                                                     ; Setting            ; Default Value      ;
+----------------------------------------------------------------------------+--------------------+--------------------+
; Top-level entity name                                                      ; DDS                ; DDS                ;
; Family name                                                                ; Cyclone IV GX      ; Cyclone IV GX      ;
; Use smart compilation                                                      ; Off                ; Off                ;
; Enable parallel Assembler and TimeQuest Timing Analyzer during compilation ; On                 ; On                 ;
; Enable compact report table                                                ; Off                ; Off                ;
; Restructure Multiplexers                                                   ; Auto               ; Auto               ;
; Create Debugging Nodes for IP Cores                                        ; Off                ; Off                ;
; Preserve fewer node names                                                  ; On                 ; On                 ;
; Disable OpenCore Plus hardware evaluation                                  ; Off                ; Off                ;
; Verilog Version                                                            ; Verilog_2001       ; Verilog_2001       ;
; VHDL Version                                                               ; VHDL_1993          ; VHDL_1993          ;
; State Machine Processing                                                   ; Auto               ; Auto               ;
; Safe State Machine                                                         ; Off                ; Off                ;
; Extract Verilog State Machines                                             ; On                 ; On                 ;
; Extract VHDL State Machines                                                ; On                 ; On                 ;
; Ignore Verilog initial constructs                                          ; Off                ; Off                ;
; Iteration limit for constant Verilog loops                                 ; 5000               ; 5000               ;
; Iteration limit for non-constant Verilog loops                             ; 250                ; 250                ;
; Add Pass-Through Logic to Inferred RAMs                                    ; On                 ; On                 ;
; Infer RAMs from Raw Logic                                                  ; On                 ; On                 ;
; Parallel Synthesis                                                         ; On                 ; On                 ;
; DSP Block Balancing                                                        ; Auto               ; Auto               ;
; NOT Gate Push-Back                                                         ; On                 ; On                 ;
; Power-Up Don't Care                                                        ; On                 ; On                 ;
; Remove Redundant Logic Cells                                               ; Off                ; Off                ;
; Remove Duplicate Registers                                                 ; On                 ; On                 ;
; Ignore CARRY Buffers                                                       ; Off                ; Off                ;
; Ignore CASCADE Buffers                                                     ; Off                ; Off                ;
; Ignore GLOBAL Buffers                                                      ; Off                ; Off                ;
; Ignore ROW GLOBAL Buffers                                                  ; Off                ; Off                ;
; Ignore LCELL Buffers                                                       ; Off                ; Off                ;
; Ignore SOFT Buffers                                                        ; On                 ; On                 ;
; Limit AHDL Integers to 32 Bits                                             ; Off                ; Off                ;
; Optimization Technique                                                     ; Balanced           ; Balanced           ;
; Carry Chain Length                                                         ; 70                 ; 70                 ;
; Auto Carry Chains                                                          ; On                 ; On                 ;
; Auto Open-Drain Pins                                                       ; On                 ; On                 ;
; Perform WYSIWYG Primitive Resynthesis                                      ; Off                ; Off                ;
; Auto ROM Replacement                                                       ; On                 ; On                 ;
; Auto RAM Replacement                                                       ; On                 ; On                 ;
; Auto DSP Block Replacement                                                 ; On                 ; On                 ;
; Auto Shift Register Replacement                                            ; Auto               ; Auto               ;
; Allow Shift Register Merging across Hierarchies                            ; Auto               ; Auto               ;
; Auto Clock Enable Replacement                                              ; On                 ; On                 ;
; Strict RAM Replacement                                                     ; Off                ; Off                ;
; Allow Synchronous Control Signals                                          ; On                 ; On                 ;
; Force Use of Synchronous Clear Signals                                     ; Off                ; Off                ;
; Auto RAM Block Balancing                                                   ; On                 ; On                 ;
; Auto RAM to Logic Cell Conversion                                          ; Off                ; Off                ;
; Auto Resource Sharing                                                      ; Off                ; Off                ;
; Allow Any RAM Size For Recognition                                         ; Off                ; Off                ;
; Allow Any ROM Size For Recognition                                         ; Off                ; Off                ;
; Allow Any Shift Register Size For Recognition                              ; Off                ; Off                ;
; Use LogicLock Constraints during Resource Balancing                        ; On                 ; On                 ;
; Ignore translate_off and synthesis_off directives                          ; Off                ; Off                ;
; Timing-Driven Synthesis                                                    ; On                 ; On                 ;
; Report Parameter Settings                                                  ; On                 ; On                 ;
; Report Source Assignments                                                  ; On                 ; On                 ;
; Report Connectivity Checks                                                 ; On                 ; On                 ;
; Ignore Maximum Fan-Out Assignments                                         ; Off                ; Off                ;
; Synchronization Register Chain Length                                      ; 2                  ; 2                  ;
; PowerPlay Power Optimization                                               ; Normal compilation ; Normal compilation ;
; HDL message level                                                          ; Level2             ; Level2             ;
; Suppress Register Optimization Related Messages                            ; Off                ; Off                ;
; Number of Removed Registers Reported in Synthesis Report                   ; 5000               ; 5000               ;
; Number of Swept Nodes Reported in Synthesis Report                         ; 5000               ; 5000               ;
; Number of Inverted Registers Reported in Synthesis Report                  ; 100                ; 100                ;
; Clock MUX Protection                                                       ; On                 ; On                 ;
; Auto Gated Clock Conversion                                                ; Off                ; Off                ;
; Block Design Naming                                                        ; Auto               ; Auto               ;
; SDC constraint protection                                                  ; Off                ; Off                ;
; Synthesis Effort                                                           ; Auto               ; Auto               ;
; Shift Register Replacement - Allow Asynchronous Clear Signal               ; On                 ; On                 ;
; Pre-Mapping Resynthesis Optimization                                       ; Off                ; Off                ;
; Analysis & Synthesis Message Level                                         ; Medium             ; Medium             ;
; Disable Register Merging Across Hierarchies                                ; Auto               ; Auto               ;
; Resource Aware Inference For Block RAM                                     ; On                 ; On                 ;
; Synthesis Seed                                                             ; 1                  ; 1                  ;
+----------------------------------------------------------------------------+--------------------+--------------------+


+------------------------------------------+
; Parallel Compilation                     ;
+----------------------------+-------------+
; Processors                 ; Number      ;
+----------------------------+-------------+
; Number detected on machine ; 16          ;
; Maximum allowed            ; 12          ;
;                            ;             ;
; Average used               ; 1.00        ;
; Maximum used               ; 1           ;
;                            ;             ;
; Usage by Processor         ; % Time Used ;
;     Processor 1            ; 100.0%      ;
;     Processors 2-16        ;   0.0%      ;
+----------------------------+-------------+


+----------------------------------------------------------------------------------------------------------------------------------------------------------------------------------+
; Analysis & Synthesis Source Files Read                                                                                                                                           ;
+----------------------------------------+-----------------+----------------------------------------+--------------------------------------------------------------------+---------+
; File Name with User-Entered Path       ; Used in Netlist ; File Type                              ; File Name with Absolute Path                                       ; Library ;
+----------------------------------------+-----------------+----------------------------------------+--------------------------------------------------------------------+---------+
; ../LIB/DFF32.v                         ; yes             ; User Verilog HDL File                  ; D:/TEMP/DDS/LIB/DFF32.v                                            ;         ;
; DDS.bdf                                ; yes             ; User Block Diagram/Schematic File      ; D:/TEMP/DDS/USER/DDS.bdf                                           ;         ;
; ../LIB/ADDER32.v                       ; yes             ; User Wizard-Generated File             ; D:/TEMP/DDS/LIB/ADDER32.v                                          ;         ;
; ../ROM/sin_rom.v                       ; yes             ; User Wizard-Generated File             ; D:/TEMP/DDS/ROM/sin_rom.v                                          ;         ;
; ../LIB/DIV10.v                         ; yes             ; User Wizard-Generated File             ; D:/TEMP/DDS/LIB/DIV10.v                                            ;         ;
; ../LIB/add_off.v                       ; yes             ; User Verilog HDL File                  ; D:/TEMP/DDS/LIB/add_off.v                                          ;         ;
; lpm_divide.tdf                         ; yes             ; Megafunction                           ; d:/quartus/quartus/libraries/megafunctions/lpm_divide.tdf          ;         ;
; abs_divider.inc                        ; yes             ; Megafunction                           ; d:/quartus/quartus/libraries/megafunctions/abs_divider.inc         ;         ;
; sign_div_unsign.inc                    ; yes             ; Megafunction                           ; d:/quartus/quartus/libraries/megafunctions/sign_div_unsign.inc     ;         ;
; aglobal131.inc                         ; yes             ; Megafunction                           ; d:/quartus/quartus/libraries/megafunctions/aglobal131.inc          ;         ;
; db/lpm_divide_gst.tdf                  ; yes             ; Auto-Generated Megafunction            ; D:/TEMP/DDS/USER/db/lpm_divide_gst.tdf                             ;         ;
; db/sign_div_unsign_e8i.tdf             ; yes             ; Auto-Generated Megafunction            ; D:/TEMP/DDS/USER/db/sign_div_unsign_e8i.tdf                        ;         ;
; db/alt_u_div_tuf.tdf                   ; yes             ; Auto-Generated Megafunction            ; D:/TEMP/DDS/USER/db/alt_u_div_tuf.tdf                              ;         ;
; db/add_sub_1tc.tdf                     ; yes             ; Auto-Generated Megafunction            ; D:/TEMP/DDS/USER/db/add_sub_1tc.tdf                                ;         ;
; db/add_sub_2tc.tdf                     ; yes             ; Auto-Generated Megafunction            ; D:/TEMP/DDS/USER/db/add_sub_2tc.tdf                                ;         ;
; altsyncram.tdf                         ; yes             ; Megafunction                           ; d:/quartus/quartus/libraries/megafunctions/altsyncram.tdf          ;         ;
; stratix_ram_block.inc                  ; yes             ; Megafunction                           ; d:/quartus/quartus/libraries/megafunctions/stratix_ram_block.inc   ;         ;
; lpm_mux.inc                            ; yes             ; Megafunction                           ; d:/quartus/quartus/libraries/megafunctions/lpm_mux.inc             ;         ;
; lpm_decode.inc                         ; yes             ; Megafunction                           ; d:/quartus/quartus/libraries/megafunctions/lpm_decode.inc          ;         ;
; a_rdenreg.inc                          ; yes             ; Megafunction                           ; d:/quartus/quartus/libraries/megafunctions/a_rdenreg.inc           ;         ;
; altrom.inc                             ; yes             ; Megafunction                           ; d:/quartus/quartus/libraries/megafunctions/altrom.inc              ;         ;
; altram.inc                             ; yes             ; Megafunction                           ; d:/quartus/quartus/libraries/megafunctions/altram.inc              ;         ;
; altdpram.inc                           ; yes             ; Megafunction                           ; d:/quartus/quartus/libraries/megafunctions/altdpram.inc            ;         ;
; db/altsyncram_loa1.tdf                 ; yes             ; Auto-Generated Megafunction            ; D:/TEMP/DDS/USER/db/altsyncram_loa1.tdf                            ;         ;
; /quartus/project/dds/mif/data10x10.mif ; yes             ; Auto-Found Memory Initialization File  ; /quartus/project/dds/mif/data10x10.mif                             ;         ;
; lpm_add_sub.tdf                        ; yes             ; Megafunction                           ; d:/quartus/quartus/libraries/megafunctions/lpm_add_sub.tdf         ;         ;
; addcore.inc                            ; yes             ; Megafunction                           ; d:/quartus/quartus/libraries/megafunctions/addcore.inc             ;         ;
; look_add.inc                           ; yes             ; Megafunction                           ; d:/quartus/quartus/libraries/megafunctions/look_add.inc            ;         ;
; bypassff.inc                           ; yes             ; Megafunction                           ; d:/quartus/quartus/libraries/megafunctions/bypassff.inc            ;         ;
; altshift.inc                           ; yes             ; Megafunction                           ; d:/quartus/quartus/libraries/megafunctions/altshift.inc            ;         ;
; alt_stratix_add_sub.inc                ; yes             ; Megafunction                           ; d:/quartus/quartus/libraries/megafunctions/alt_stratix_add_sub.inc ;         ;
; db/add_sub_trj.tdf                     ; yes             ; Auto-Generated Megafunction            ; D:/TEMP/DDS/USER/db/add_sub_trj.tdf                                ;         ;
; db/lpm_divide_umm.tdf                  ; yes             ; Auto-Generated Megafunction            ; D:/TEMP/DDS/USER/db/lpm_divide_umm.tdf                             ;         ;
; db/sign_div_unsign_slh.tdf             ; yes             ; Auto-Generated Megafunction            ; D:/TEMP/DDS/USER/db/sign_div_unsign_slh.tdf                        ;         ;
; db/alt_u_div_6bf.tdf                   ; yes             ; Auto-Generated Megafunction            ; D:/TEMP/DDS/USER/db/alt_u_div_6bf.tdf                              ;         ;
+----------------------------------------+-----------------+----------------------------------------+--------------------------------------------------------------------+---------+


+---------------------------------------------+
; Analysis & Synthesis Resource Usage Summary ;
+--------------------------+------------------+
; Resource                 ; Usage            ;
+--------------------------+------------------+
; I/O pins                 ; 61               ;
; Total memory bits        ; 10240            ;
; DSP block 9-bit elements ; 0                ;
; Maximum fan-out node     ; CLK~input        ;
; Maximum fan-out          ; 110              ;
; Total fan-out            ; 1781             ;
; Average fan-out          ; 2.36             ;
+--------------------------+------------------+


+---------------------------------------------------------------------------------------------------------------------------------------------------------------------------------------------------------------------------------------------------------------------------------------------------------------------+
; Analysis & Synthesis Resource Utilization by Entity                                                                                                                                                                                                                                                                 ;
+-------------------------------------------+-------------------+--------------+-------------+--------------+---------+-----------+-----------+------+--------------+----------------------------------------------------------------------------------------------------------------------------------+--------------+
; Compilation Hierarchy Node                ; LC Combinationals ; LC Registers ; Memory Bits ; DSP Elements ; DSP 9x9 ; DSP 18x18 ; DSP 36x36 ; Pins ; Virtual Pins ; Full Hierarchy Name                                                                                                              ; Library Name ;
+-------------------------------------------+-------------------+--------------+-------------+--------------+---------+-----------+-----------+------+--------------+----------------------------------------------------------------------------------------------------------------------------------+--------------+
; |DDS                                      ; 525 (0)           ; 99 (0)       ; 10240       ; 0            ; 0       ; 0         ; 0         ; 61   ; 0            ; |DDS                                                                                                                             ; work         ;
;    |ADDER32:inst1|                        ; 32 (0)            ; 32 (0)       ; 0           ; 0            ; 0       ; 0         ; 0         ; 0    ; 0            ; |DDS|ADDER32:inst1                                                                                                               ; work         ;
;       |lpm_add_sub:LPM_ADD_SUB_component| ; 32 (0)            ; 32 (0)       ; 0           ; 0            ; 0       ; 0         ; 0         ; 0    ; 0            ; |DDS|ADDER32:inst1|lpm_add_sub:LPM_ADD_SUB_component                                                                             ; work         ;
;          |add_sub_trj:auto_generated|     ; 32 (32)           ; 32 (32)      ; 0           ; 0            ; 0       ; 0         ; 0         ; 0    ; 0            ; |DDS|ADDER32:inst1|lpm_add_sub:LPM_ADD_SUB_component|add_sub_trj:auto_generated                                                  ; work         ;
;    |DFF32:inst|                           ; 0 (0)             ; 32 (32)      ; 0           ; 0            ; 0       ; 0         ; 0         ; 0    ; 0            ; |DDS|DFF32:inst                                                                                                                  ; work         ;
;    |DIV10:inst2|                          ; 127 (0)           ; 25 (0)       ; 0           ; 0            ; 0       ; 0         ; 0         ; 0    ; 0            ; |DDS|DIV10:inst2                                                                                                                 ; work         ;
;       |lpm_divide:LPM_DIVIDE_component|   ; 127 (0)           ; 25 (0)       ; 0           ; 0            ; 0       ; 0         ; 0         ; 0    ; 0            ; |DDS|DIV10:inst2|lpm_divide:LPM_DIVIDE_component                                                                                 ; work         ;
;          |lpm_divide_gst:auto_generated|  ; 127 (0)           ; 25 (0)       ; 0           ; 0            ; 0       ; 0         ; 0         ; 0    ; 0            ; |DDS|DIV10:inst2|lpm_divide:LPM_DIVIDE_component|lpm_divide_gst:auto_generated                                                   ; work         ;
;             |sign_div_unsign_e8i:divider| ; 127 (0)           ; 25 (0)       ; 0           ; 0            ; 0       ; 0         ; 0         ; 0    ; 0            ; |DDS|DIV10:inst2|lpm_divide:LPM_DIVIDE_component|lpm_divide_gst:auto_generated|sign_div_unsign_e8i:divider                       ; work         ;
;                |alt_u_div_tuf:divider|    ; 127 (127)         ; 25 (25)      ; 0           ; 0            ; 0       ; 0         ; 0         ; 0    ; 0            ; |DDS|DIV10:inst2|lpm_divide:LPM_DIVIDE_component|lpm_divide_gst:auto_generated|sign_div_unsign_e8i:divider|alt_u_div_tuf:divider ; work         ;
;    |add_off:inst6|                        ; 366 (49)          ; 10 (10)      ; 0           ; 0            ; 0       ; 0         ; 0         ; 0    ; 0            ; |DDS|add_off:inst6                                                                                                               ; work         ;
;       |lpm_divide:Div0|                   ; 159 (0)           ; 0 (0)        ; 0           ; 0            ; 0       ; 0         ; 0         ; 0    ; 0            ; |DDS|add_off:inst6|lpm_divide:Div0                                                                                               ; work         ;
;          |lpm_divide_umm:auto_generated|  ; 159 (0)           ; 0 (0)        ; 0           ; 0            ; 0       ; 0         ; 0         ; 0    ; 0            ; |DDS|add_off:inst6|lpm_divide:Div0|lpm_divide_umm:auto_generated                                                                 ; work         ;
;             |sign_div_unsign_slh:divider| ; 159 (0)           ; 0 (0)        ; 0           ; 0            ; 0       ; 0         ; 0         ; 0    ; 0            ; |DDS|add_off:inst6|lpm_divide:Div0|lpm_divide_umm:auto_generated|sign_div_unsign_slh:divider                                     ; work         ;
;                |alt_u_div_6bf:divider|    ; 159 (159)         ; 0 (0)        ; 0           ; 0            ; 0       ; 0         ; 0         ; 0    ; 0            ; |DDS|add_off:inst6|lpm_divide:Div0|lpm_divide_umm:auto_generated|sign_div_unsign_slh:divider|alt_u_div_6bf:divider               ; work         ;
;       |lpm_divide:Div1|                   ; 158 (0)           ; 0 (0)        ; 0           ; 0            ; 0       ; 0         ; 0         ; 0    ; 0            ; |DDS|add_off:inst6|lpm_divide:Div1                                                                                               ; work         ;
;          |lpm_divide_umm:auto_generated|  ; 158 (0)           ; 0 (0)        ; 0           ; 0            ; 0       ; 0         ; 0         ; 0    ; 0            ; |DDS|add_off:inst6|lpm_divide:Div1|lpm_divide_umm:auto_generated                                                                 ; work         ;
;             |sign_div_unsign_slh:divider| ; 158 (0)           ; 0 (0)        ; 0           ; 0            ; 0       ; 0         ; 0         ; 0    ; 0            ; |DDS|add_off:inst6|lpm_divide:Div1|lpm_divide_umm:auto_generated|sign_div_unsign_slh:divider                                     ; work         ;
;                |alt_u_div_6bf:divider|    ; 158 (158)         ; 0 (0)        ; 0           ; 0            ; 0       ; 0         ; 0         ; 0    ; 0            ; |DDS|add_off:inst6|lpm_divide:Div1|lpm_divide_umm:auto_generated|sign_div_unsign_slh:divider|alt_u_div_6bf:divider               ; work         ;
;    |sin_rom:inst5|                        ; 0 (0)             ; 0 (0)        ; 10240       ; 0            ; 0       ; 0         ; 0         ; 0    ; 0            ; |DDS|sin_rom:inst5                                                                                                               ; work         ;
;       |altsyncram:altsyncram_component|   ; 0 (0)             ; 0 (0)        ; 10240       ; 0            ; 0       ; 0         ; 0         ; 0    ; 0            ; |DDS|sin_rom:inst5|altsyncram:altsyncram_component                                                                               ; work         ;
;          |altsyncram_loa1:auto_generated| ; 0 (0)             ; 0 (0)        ; 10240       ; 0            ; 0       ; 0         ; 0         ; 0    ; 0            ; |DDS|sin_rom:inst5|altsyncram:altsyncram_component|altsyncram_loa1:auto_generated                                                ; work         ;
+-------------------------------------------+-------------------+--------------+-------------+--------------+---------+-----------+-----------+------+--------------+----------------------------------------------------------------------------------------------------------------------------------+--------------+
Note: For table entries with two numbers listed, the numbers in parentheses indicate the number of resources of the given type used by the specific entity alone. The numbers listed outside of parentheses indicate the total resources of the given type used by the specific entity and all of its sub-entities in the hierarchy.


+--------------------------------------------------------------------------------------------------------------------------------------------------------------------------------------------------+
; Analysis & Synthesis RAM Summary                                                                                                                                                                 ;
+-----------------------------------------------------------------------------------------+------+------+--------------+--------------+--------------+--------------+-------+----------------------+
; Name                                                                                    ; Type ; Mode ; Port A Depth ; Port A Width ; Port B Depth ; Port B Width ; Size  ; MIF                  ;
+-----------------------------------------------------------------------------------------+------+------+--------------+--------------+--------------+--------------+-------+----------------------+
; sin_rom:inst5|altsyncram:altsyncram_component|altsyncram_loa1:auto_generated|ALTSYNCRAM ; AUTO ; ROM  ; 1024         ; 10           ; --           ; --           ; 10240 ; ../MIF/data10X10.mif ;
+-----------------------------------------------------------------------------------------+------+------+--------------+--------------+--------------+--------------+-------+----------------------+


+----------------------------------------------------------------------------------------------------------------+
; Analysis & Synthesis IP Cores Summary                                                                          ;
+--------+--------------+---------+--------------+--------------+--------------------+---------------------------+
; Vendor ; IP Core Name ; Version ; Release Date ; License Type ; Entity Instance    ; IP Include File           ;
+--------+--------------+---------+--------------+--------------+--------------------+---------------------------+
; Altera ; LPM_ADD_SUB  ; 13.1    ; N/A          ; N/A          ; |DDS|ADDER32:inst1 ; D:/TEMP/DDS/LIB/ADDER32.v ;
; Altera ; LPM_DIVIDE   ; 13.1    ; N/A          ; N/A          ; |DDS|DIV10:inst2   ; D:/TEMP/DDS/LIB/DIV10.v   ;
; Altera ; ROM: 1-PORT  ; 13.1    ; N/A          ; N/A          ; |DDS|sin_rom:inst5 ; D:/TEMP/DDS/ROM/sin_rom.v ;
+--------+--------------+---------+--------------+--------------+--------------------+---------------------------+


+------------------------------------------------------+
; General Register Statistics                          ;
+----------------------------------------------+-------+
; Statistic                                    ; Value ;
+----------------------------------------------+-------+
; Total registers                              ; 99    ;
; Number of registers using Synchronous Clear  ; 0     ;
; Number of registers using Synchronous Load   ; 14    ;
; Number of registers using Asynchronous Clear ; 0     ;
; Number of registers using Asynchronous Load  ; 0     ;
; Number of registers using Clock Enable       ; 0     ;
; Number of registers using Preset             ; 0     ;
+----------------------------------------------+-------+


+---------------------------------------------------------------------------------------------------------------------------------------------------------+
; Inverted Register Statistics                                                                                                                            ;
+-----------------------------------------------------------------------------------------------------------------------------------------------+---------+
; Inverted Register                                                                                                                             ; Fan out ;
+-----------------------------------------------------------------------------------------------------------------------------------------------+---------+
; DIV10:inst2|lpm_divide:LPM_DIVIDE_component|lpm_divide_gst:auto_generated|sign_div_unsign_e8i:divider|alt_u_div_tuf:divider|DFFDenominator[5] ; 5       ;
; DIV10:inst2|lpm_divide:LPM_DIVIDE_component|lpm_divide_gst:auto_generated|sign_div_unsign_e8i:divider|alt_u_div_tuf:divider|DFFDenominator[4] ; 5       ;
; DIV10:inst2|lpm_divide:LPM_DIVIDE_component|lpm_divide_gst:auto_generated|sign_div_unsign_e8i:divider|alt_u_div_tuf:divider|DFFDenominator[3] ; 5       ;
; DIV10:inst2|lpm_divide:LPM_DIVIDE_component|lpm_divide_gst:auto_generated|sign_div_unsign_e8i:divider|alt_u_div_tuf:divider|DFFDenominator[2] ; 5       ;
; DIV10:inst2|lpm_divide:LPM_DIVIDE_component|lpm_divide_gst:auto_generated|sign_div_unsign_e8i:divider|alt_u_div_tuf:divider|DFFDenominator[1] ; 5       ;
; DIV10:inst2|lpm_divide:LPM_DIVIDE_component|lpm_divide_gst:auto_generated|sign_div_unsign_e8i:divider|alt_u_div_tuf:divider|DFFDenominator[0] ; 5       ;
; DIV10:inst2|lpm_divide:LPM_DIVIDE_component|lpm_divide_gst:auto_generated|sign_div_unsign_e8i:divider|alt_u_div_tuf:divider|DFFDenominator[6] ; 5       ;
; DIV10:inst2|lpm_divide:LPM_DIVIDE_component|lpm_divide_gst:auto_generated|sign_div_unsign_e8i:divider|alt_u_div_tuf:divider|DFFDenominator[7] ; 5       ;
; DIV10:inst2|lpm_divide:LPM_DIVIDE_component|lpm_divide_gst:auto_generated|sign_div_unsign_e8i:divider|alt_u_div_tuf:divider|DFFDenominator[9] ; 14      ;
; DIV10:inst2|lpm_divide:LPM_DIVIDE_component|lpm_divide_gst:auto_generated|sign_div_unsign_e8i:divider|alt_u_div_tuf:divider|DFFDenominator[8] ; 5       ;
; Total number of inverted registers = 10                                                                                                       ;         ;
+-----------------------------------------------------------------------------------------------------------------------------------------------+---------+


+----------------------------------------------------------------------------------------------------------------------------------------------+
; Multiplexer Restructuring Statistics (Restructuring Performed)                                                                               ;
+--------------------+-----------+---------------+----------------------+------------------------+------------+--------------------------------+
; Multiplexer Inputs ; Bus Width ; Baseline Area ; Area if Restructured ; Saving if Restructured ; Registered ; Example Multiplexer Output     ;
+--------------------+-----------+---------------+----------------------+------------------------+------------+--------------------------------+
; 5:1                ; 9 bits    ; 27 LEs        ; 18 LEs               ; 9 LEs                  ; Yes        ; |DDS|add_off:inst6|data_off[0] ;
+--------------------+-----------+---------------+----------------------+------------------------+------------+--------------------------------+


+----------------------------------------------------------------------------------------------------------------------------------------------------+
; Source assignments for DIV10:inst2|lpm_divide:LPM_DIVIDE_component|lpm_divide_gst:auto_generated|sign_div_unsign_e8i:divider|alt_u_div_tuf:divider ;
+----------------+-------+------+--------------------------------------------------------------------------------------------------------------------+
; Assignment     ; Value ; From ; To                                                                                                                 ;
+----------------+-------+------+--------------------------------------------------------------------------------------------------------------------+
; POWER_UP_LEVEL ; HIGH  ; -    ; DFFQuotient[0]                                                                                                     ;
; POWER_UP_LEVEL ; HIGH  ; -    ; DFFQuotient[1]                                                                                                     ;
; POWER_UP_LEVEL ; HIGH  ; -    ; DFFQuotient[2]                                                                                                     ;
; POWER_UP_LEVEL ; HIGH  ; -    ; DFFQuotient[3]                                                                                                     ;
; POWER_UP_LEVEL ; HIGH  ; -    ; DFFQuotient[4]                                                                                                     ;
; POWER_UP_LEVEL ; LOW   ; -    ; DFFQuotient[5]                                                                                                     ;
; POWER_UP_LEVEL ; LOW   ; -    ; DFFQuotient[6]                                                                                                     ;
; POWER_UP_LEVEL ; LOW   ; -    ; DFFQuotient[7]                                                                                                     ;
; POWER_UP_LEVEL ; LOW   ; -    ; DFFQuotient[8]                                                                                                     ;
; POWER_UP_LEVEL ; LOW   ; -    ; DFFQuotient[9]                                                                                                     ;
; POWER_UP_LEVEL ; HIGH  ; -    ; DFFDenominator                                                                                                     ;
+----------------+-------+------+--------------------------------------------------------------------------------------------------------------------+


+-----------------------------------------------------------------------------------------------------+
; Source assignments for sin_rom:inst5|altsyncram:altsyncram_component|altsyncram_loa1:auto_generated ;
+---------------------------------+--------------------+------+---------------------------------------+
; Assignment                      ; Value              ; From ; To                                    ;
+---------------------------------+--------------------+------+---------------------------------------+
; OPTIMIZE_POWER_DURING_SYNTHESIS ; NORMAL_COMPILATION ; -    ; -                                     ;
+---------------------------------+--------------------+------+---------------------------------------+


+------------------------------------------------------------------------------------------+
; Parameter Settings for User Entity Instance: DIV10:inst2|lpm_divide:LPM_DIVIDE_component ;
+------------------------+----------------+------------------------------------------------+
; Parameter Name         ; Value          ; Type                                           ;
+------------------------+----------------+------------------------------------------------+
; LPM_WIDTHN             ; 10             ; Signed Integer                                 ;
; LPM_WIDTHD             ; 10             ; Signed Integer                                 ;
; LPM_NREPRESENTATION    ; UNSIGNED       ; Untyped                                        ;
; LPM_DREPRESENTATION    ; UNSIGNED       ; Untyped                                        ;
; LPM_PIPELINE           ; 1              ; Signed Integer                                 ;
; LPM_REMAINDERPOSITIVE  ; TRUE           ; Untyped                                        ;
; MAXIMIZE_SPEED         ; 5              ; Untyped                                        ;
; CBXI_PARAMETER         ; lpm_divide_gst ; Untyped                                        ;
; CARRY_CHAIN            ; MANUAL         ; Untyped                                        ;
; OPTIMIZE_FOR_SPEED     ; 5              ; Untyped                                        ;
; AUTO_CARRY_CHAINS      ; ON             ; AUTO_CARRY                                     ;
; IGNORE_CARRY_BUFFERS   ; OFF            ; IGNORE_CARRY                                   ;
; AUTO_CASCADE_CHAINS    ; ON             ; AUTO_CASCADE                                   ;
; IGNORE_CASCADE_BUFFERS ; OFF            ; IGNORE_CASCADE                                 ;
+------------------------+----------------+------------------------------------------------+
Note: In order to hide this table in the UI and the text report file, please set the "Show Parameter Settings in Synthesis Report" option in "Analysis and Synthesis Settings -> More Settings" to "Off".


+--------------------------------------------------------------------------------------------+
; Parameter Settings for User Entity Instance: sin_rom:inst5|altsyncram:altsyncram_component ;
+------------------------------------+----------------------+--------------------------------+
; Parameter Name                     ; Value                ; Type                           ;
+------------------------------------+----------------------+--------------------------------+
; BYTE_SIZE_BLOCK                    ; 8                    ; Untyped                        ;
; AUTO_CARRY_CHAINS                  ; ON                   ; AUTO_CARRY                     ;
; IGNORE_CARRY_BUFFERS               ; OFF                  ; IGNORE_CARRY                   ;
; AUTO_CASCADE_CHAINS                ; ON                   ; AUTO_CASCADE                   ;
; IGNORE_CASCADE_BUFFERS             ; OFF                  ; IGNORE_CASCADE                 ;
; WIDTH_BYTEENA                      ; 1                    ; Untyped                        ;
; OPERATION_MODE                     ; ROM                  ; Untyped                        ;
; WIDTH_A                            ; 10                   ; Signed Integer                 ;
; WIDTHAD_A                          ; 10                   ; Signed Integer                 ;
; NUMWORDS_A                         ; 1024                 ; Signed Integer                 ;
; OUTDATA_REG_A                      ; UNREGISTERED         ; Untyped                        ;
; ADDRESS_ACLR_A                     ; NONE                 ; Untyped                        ;
; OUTDATA_ACLR_A                     ; NONE                 ; Untyped                        ;
; WRCONTROL_ACLR_A                   ; NONE                 ; Untyped                        ;
; INDATA_ACLR_A                      ; NONE                 ; Untyped                        ;
; BYTEENA_ACLR_A                     ; NONE                 ; Untyped                        ;
; WIDTH_B                            ; 1                    ; Untyped                        ;
; WIDTHAD_B                          ; 1                    ; Untyped                        ;
; NUMWORDS_B                         ; 1                    ; Untyped                        ;
; INDATA_REG_B                       ; CLOCK1               ; Untyped                        ;
; WRCONTROL_WRADDRESS_REG_B          ; CLOCK1               ; Untyped                        ;
; RDCONTROL_REG_B                    ; CLOCK1               ; Untyped                        ;
; ADDRESS_REG_B                      ; CLOCK1               ; Untyped                        ;
; OUTDATA_REG_B                      ; UNREGISTERED         ; Untyped                        ;
; BYTEENA_REG_B                      ; CLOCK1               ; Untyped                        ;
; INDATA_ACLR_B                      ; NONE                 ; Untyped                        ;
; WRCONTROL_ACLR_B                   ; NONE                 ; Untyped                        ;
; ADDRESS_ACLR_B                     ; NONE                 ; Untyped                        ;
; OUTDATA_ACLR_B                     ; NONE                 ; Untyped                        ;
; RDCONTROL_ACLR_B                   ; NONE                 ; Untyped                        ;
; BYTEENA_ACLR_B                     ; NONE                 ; Untyped                        ;
; WIDTH_BYTEENA_A                    ; 1                    ; Signed Integer                 ;
; WIDTH_BYTEENA_B                    ; 1                    ; Untyped                        ;
; RAM_BLOCK_TYPE                     ; AUTO                 ; Untyped                        ;
; BYTE_SIZE                          ; 8                    ; Untyped                        ;
; READ_DURING_WRITE_MODE_MIXED_PORTS ; DONT_CARE            ; Untyped                        ;
; READ_DURING_WRITE_MODE_PORT_A      ; NEW_DATA_NO_NBE_READ ; Untyped                        ;
; READ_DURING_WRITE_MODE_PORT_B      ; NEW_DATA_NO_NBE_READ ; Untyped                        ;
; INIT_FILE                          ; ../MIF/data10X10.mif ; Untyped                        ;
; INIT_FILE_LAYOUT                   ; PORT_A               ; Untyped                        ;
; MAXIMUM_DEPTH                      ; 0                    ; Untyped                        ;
; CLOCK_ENABLE_INPUT_A               ; BYPASS               ; Untyped                        ;
; CLOCK_ENABLE_INPUT_B               ; NORMAL               ; Untyped                        ;
; CLOCK_ENABLE_OUTPUT_A              ; BYPASS               ; Untyped                        ;
; CLOCK_ENABLE_OUTPUT_B              ; NORMAL               ; Untyped                        ;
; CLOCK_ENABLE_CORE_A                ; USE_INPUT_CLKEN      ; Untyped                        ;
; CLOCK_ENABLE_CORE_B                ; USE_INPUT_CLKEN      ; Untyped                        ;
; ENABLE_ECC                         ; FALSE                ; Untyped                        ;
; ECC_PIPELINE_STAGE_ENABLED         ; FALSE                ; Untyped                        ;
; WIDTH_ECCSTATUS                    ; 3                    ; Untyped                        ;
; DEVICE_FAMILY                      ; Cyclone IV GX        ; Untyped                        ;
; CBXI_PARAMETER                     ; altsyncram_loa1      ; Untyped                        ;
+------------------------------------+----------------------+--------------------------------+
Note: In order to hide this table in the UI and the text report file, please set the "Show Parameter Settings in Synthesis Report" option in "Analysis and Synthesis Settings -> More Settings" to "Off".


+------------------------------------------------------------+
; Parameter Settings for User Entity Instance: add_off:inst6 ;
+----------------+------------+------------------------------+
; Parameter Name ; Value      ; Type                         ;
+----------------+------------+------------------------------+
; dath           ; 1000000000 ; Unsigned Binary              ;
+----------------+------------+------------------------------+
Note: In order to hide this table in the UI and the text report file, please set the "Show Parameter Settings in Synthesis Report" option in "Analysis and Synthesis Settings -> More Settings" to "Off".


+----------------------------------------------------------------------------------------------+
; Parameter Settings for User Entity Instance: ADDER32:inst1|lpm_add_sub:LPM_ADD_SUB_component ;
+------------------------+---------------+-----------------------------------------------------+
; Parameter Name         ; Value         ; Type                                                ;
+------------------------+---------------+-----------------------------------------------------+
; LPM_WIDTH              ; 32            ; Signed Integer                                      ;
; LPM_REPRESENTATION     ; UNSIGNED      ; Untyped                                             ;
; LPM_DIRECTION          ; ADD           ; Untyped                                             ;
; ONE_INPUT_IS_CONSTANT  ; NO            ; Untyped                                             ;
; LPM_PIPELINE           ; 1             ; Signed Integer                                      ;
; MAXIMIZE_SPEED         ; 5             ; Untyped                                             ;
; REGISTERED_AT_END      ; 0             ; Untyped                                             ;
; OPTIMIZE_FOR_SPEED     ; 5             ; Untyped                                             ;
; USE_CS_BUFFERS         ; 1             ; Untyped                                             ;
; CARRY_CHAIN            ; MANUAL        ; Untyped                                             ;
; CARRY_CHAIN_LENGTH     ; 48            ; CARRY_CHAIN_LENGTH                                  ;
; DEVICE_FAMILY          ; Cyclone IV GX ; Untyped                                             ;
; USE_WYS                ; OFF           ; Untyped                                             ;
; STYLE                  ; FAST          ; Untyped                                             ;
; CBXI_PARAMETER         ; add_sub_trj   ; Untyped                                             ;
; AUTO_CARRY_CHAINS      ; ON            ; AUTO_CARRY                                          ;
; IGNORE_CARRY_BUFFERS   ; OFF           ; IGNORE_CARRY                                        ;
; AUTO_CASCADE_CHAINS    ; ON            ; AUTO_CASCADE                                        ;
; IGNORE_CASCADE_BUFFERS ; OFF           ; IGNORE_CASCADE                                      ;
+------------------------+---------------+-----------------------------------------------------+
Note: In order to hide this table in the UI and the text report file, please set the "Show Parameter Settings in Synthesis Report" option in "Analysis and Synthesis Settings -> More Settings" to "Off".


+--------------------------------------------------------------------------------+
; Parameter Settings for Inferred Entity Instance: add_off:inst6|lpm_divide:Div1 ;
+------------------------+----------------+--------------------------------------+
; Parameter Name         ; Value          ; Type                                 ;
+------------------------+----------------+--------------------------------------+
; LPM_WIDTHN             ; 16             ; Untyped                              ;
; LPM_WIDTHD             ; 6              ; Untyped                              ;
; LPM_NREPRESENTATION    ; UNSIGNED       ; Untyped                              ;
; LPM_DREPRESENTATION    ; UNSIGNED       ; Untyped                              ;
; LPM_PIPELINE           ; 0              ; Untyped                              ;
; LPM_REMAINDERPOSITIVE  ; TRUE           ; Untyped                              ;
; MAXIMIZE_SPEED         ; 5              ; Untyped                              ;
; CBXI_PARAMETER         ; lpm_divide_umm ; Untyped                              ;
; CARRY_CHAIN            ; MANUAL         ; Untyped                              ;
; OPTIMIZE_FOR_SPEED     ; 5              ; Untyped                              ;
; AUTO_CARRY_CHAINS      ; ON             ; AUTO_CARRY                           ;
; IGNORE_CARRY_BUFFERS   ; OFF            ; IGNORE_CARRY                         ;
; AUTO_CASCADE_CHAINS    ; ON             ; AUTO_CASCADE                         ;
; IGNORE_CASCADE_BUFFERS ; OFF            ; IGNORE_CASCADE                       ;
+------------------------+----------------+--------------------------------------+
Note: In order to hide this table in the UI and the text report file, please set the "Show Parameter Settings in Synthesis Report" option in "Analysis and Synthesis Settings -> More Settings" to "Off".


+--------------------------------------------------------------------------------+
; Parameter Settings for Inferred Entity Instance: add_off:inst6|lpm_divide:Div0 ;
+------------------------+----------------+--------------------------------------+
; Parameter Name         ; Value          ; Type                                 ;
+------------------------+----------------+--------------------------------------+
; LPM_WIDTHN             ; 16             ; Untyped                              ;
; LPM_WIDTHD             ; 6              ; Untyped                              ;
; LPM_NREPRESENTATION    ; UNSIGNED       ; Untyped                              ;
; LPM_DREPRESENTATION    ; UNSIGNED       ; Untyped                              ;
; LPM_PIPELINE           ; 0              ; Untyped                              ;
; LPM_REMAINDERPOSITIVE  ; TRUE           ; Untyped                              ;
; MAXIMIZE_SPEED         ; 5              ; Untyped                              ;
; CBXI_PARAMETER         ; lpm_divide_umm ; Untyped                              ;
; CARRY_CHAIN            ; MANUAL         ; Untyped                              ;
; OPTIMIZE_FOR_SPEED     ; 5              ; Untyped                              ;
; AUTO_CARRY_CHAINS      ; ON             ; AUTO_CARRY                           ;
; IGNORE_CARRY_BUFFERS   ; OFF            ; IGNORE_CARRY                         ;
; AUTO_CASCADE_CHAINS    ; ON             ; AUTO_CASCADE                         ;
; IGNORE_CASCADE_BUFFERS ; OFF            ; IGNORE_CASCADE                       ;
+------------------------+----------------+--------------------------------------+
Note: In order to hide this table in the UI and the text report file, please set the "Show Parameter Settings in Synthesis Report" option in "Analysis and Synthesis Settings -> More Settings" to "Off".


+-------------------------------------------------------------------------------------------+
; altsyncram Parameter Settings by Entity Instance                                          ;
+-------------------------------------------+-----------------------------------------------+
; Name                                      ; Value                                         ;
+-------------------------------------------+-----------------------------------------------+
; Number of entity instances                ; 1                                             ;
; Entity Instance                           ; sin_rom:inst5|altsyncram:altsyncram_component ;
;     -- OPERATION_MODE                     ; ROM                                           ;
;     -- WIDTH_A                            ; 10                                            ;
;     -- NUMWORDS_A                         ; 1024                                          ;
;     -- OUTDATA_REG_A                      ; UNREGISTERED                                  ;
;     -- WIDTH_B                            ; 1                                             ;
;     -- NUMWORDS_B                         ; 1                                             ;
;     -- ADDRESS_REG_B                      ; CLOCK1                                        ;
;     -- OUTDATA_REG_B                      ; UNREGISTERED                                  ;
;     -- RAM_BLOCK_TYPE                     ; AUTO                                          ;
;     -- READ_DURING_WRITE_MODE_MIXED_PORTS ; DONT_CARE                                     ;
+-------------------------------------------+-----------------------------------------------+


+-------------------------------+
; Elapsed Time Per Partition    ;
+----------------+--------------+
; Partition Name ; Elapsed Time ;
+----------------+--------------+
; Top            ; 00:00:00     ;
+----------------+--------------+


+-------------------------------+
; Analysis & Synthesis Messages ;
+-------------------------------+
Info: *******************************************************************
Info: Running Quartus II 64-Bit Analysis & Synthesis
    Info: Version 13.1.0 Build 162 10/23/2013 SJ Full Version
    Info: Processing started: Thu Dec 19 16:58:37 2024
Info: Command: quartus_map --read_settings_files=on --write_settings_files=off DDS -c DDS
Info (11104): Parallel Compilation has detected 16 hyper-threaded processors. However, the extra hyper-threaded processors will not be used by default. Parallel Compilation will use 12 of the 12 physical processors detected instead.
Info (12021): Found 1 design units, including 1 entities, in source file simulation/qsim/dds_vlg_tst.v
    Info (12023): Found entity 1: DDS_vlg_tst
Info (12021): Found 1 design units, including 1 entities, in source file /temp/dds/lib/dff32.v
    Info (12023): Found entity 1: DFF32
Info (12021): Found 1 design units, including 1 entities, in source file dds.bdf
    Info (12023): Found entity 1: DDS
Info (12021): Found 1 design units, including 1 entities, in source file /temp/dds/lib/adder32.v
    Info (12023): Found entity 1: ADDER32
Info (12021): Found 1 design units, including 1 entities, in source file /temp/dds/rom/sin_rom.v
    Info (12023): Found entity 1: sin_rom
Warning (12019): Can't analyze file -- file ../../LPM_MD/MUX41/MUX41B.v is missing
Info (12021): Found 1 design units, including 1 entities, in source file /temp/dds/lib/div10.v
    Info (12023): Found entity 1: DIV10
Info (12021): Found 1 design units, including 1 entities, in source file /temp/dds/lib/add_off.v
    Info (12023): Found entity 1: add_off
Info (12127): Elaborating entity "DDS" for the top level hierarchy
Info (12128): Elaborating entity "DIV10" for hierarchy "DIV10:inst2"
Info (12128): Elaborating entity "lpm_divide" for hierarchy "DIV10:inst2|lpm_divide:LPM_DIVIDE_component"
Info (12130): Elaborated megafunction instantiation "DIV10:inst2|lpm_divide:LPM_DIVIDE_component"
Info (12133): Instantiated megafunction "DIV10:inst2|lpm_divide:LPM_DIVIDE_component" with the following parameter:
    Info (12134): Parameter "lpm_drepresentation" = "UNSIGNED"
    Info (12134): Parameter "lpm_hint" = "LPM_REMAINDERPOSITIVE=TRUE"
    Info (12134): Parameter "lpm_nrepresentation" = "UNSIGNED"
    Info (12134): Parameter "lpm_pipeline" = "1"
    Info (12134): Parameter "lpm_type" = "LPM_DIVIDE"
    Info (12134): Parameter "lpm_widthd" = "10"
    Info (12134): Parameter "lpm_widthn" = "10"
Info (12021): Found 1 design units, including 1 entities, in source file db/lpm_divide_gst.tdf
    Info (12023): Found entity 1: lpm_divide_gst
Info (12128): Elaborating entity "lpm_divide_gst" for hierarchy "DIV10:inst2|lpm_divide:LPM_DIVIDE_component|lpm_divide_gst:auto_generated"
Info (12021): Found 1 design units, including 1 entities, in source file db/sign_div_unsign_e8i.tdf
    Info (12023): Found entity 1: sign_div_unsign_e8i
Info (12128): Elaborating entity "sign_div_unsign_e8i" for hierarchy "DIV10:inst2|lpm_divide:LPM_DIVIDE_component|lpm_divide_gst:auto_generated|sign_div_unsign_e8i:divider"
Info (12021): Found 1 design units, including 1 entities, in source file db/alt_u_div_tuf.tdf
    Info (12023): Found entity 1: alt_u_div_tuf
Info (12128): Elaborating entity "alt_u_div_tuf" for hierarchy "DIV10:inst2|lpm_divide:LPM_DIVIDE_component|lpm_divide_gst:auto_generated|sign_div_unsign_e8i:divider|alt_u_div_tuf:divider"
Info (12021): Found 1 design units, including 1 entities, in source file db/add_sub_1tc.tdf
    Info (12023): Found entity 1: add_sub_1tc
Info (12128): Elaborating entity "add_sub_1tc" for hierarchy "DIV10:inst2|lpm_divide:LPM_DIVIDE_component|lpm_divide_gst:auto_generated|sign_div_unsign_e8i:divider|alt_u_div_tuf:divider|add_sub_1tc:add_sub_0"
Info (12021): Found 1 design units, including 1 entities, in source file db/add_sub_2tc.tdf
    Info (12023): Found entity 1: add_sub_2tc
Info (12128): Elaborating entity "add_sub_2tc" for hierarchy "DIV10:inst2|lpm_divide:LPM_DIVIDE_component|lpm_divide_gst:auto_generated|sign_div_unsign_e8i:divider|alt_u_div_tuf:divider|add_sub_2tc:add_sub_1"
Info (12128): Elaborating entity "sin_rom" for hierarchy "sin_rom:inst5"
Info (12128): Elaborating entity "altsyncram" for hierarchy "sin_rom:inst5|altsyncram:altsyncram_component"
Info (12130): Elaborated megafunction instantiation "sin_rom:inst5|altsyncram:altsyncram_component"
Info (12133): Instantiated megafunction "sin_rom:inst5|altsyncram:altsyncram_component" with the following parameter:
    Info (12134): Parameter "address_aclr_a" = "NONE"
    Info (12134): Parameter "clock_enable_input_a" = "BYPASS"
    Info (12134): Parameter "clock_enable_output_a" = "BYPASS"
    Info (12134): Parameter "init_file" = "../MIF/data10X10.mif"
    Info (12134): Parameter "intended_device_family" = "Cyclone IV GX"
    Info (12134): Parameter "lpm_hint" = "ENABLE_RUNTIME_MOD=NO"
    Info (12134): Parameter "lpm_type" = "altsyncram"
    Info (12134): Parameter "numwords_a" = "1024"
    Info (12134): Parameter "operation_mode" = "ROM"
    Info (12134): Parameter "outdata_aclr_a" = "NONE"
    Info (12134): Parameter "outdata_reg_a" = "UNREGISTERED"
    Info (12134): Parameter "widthad_a" = "10"
    Info (12134): Parameter "width_a" = "10"
    Info (12134): Parameter "width_byteena_a" = "1"
Info (12021): Found 1 design units, including 1 entities, in source file db/altsyncram_loa1.tdf
    Info (12023): Found entity 1: altsyncram_loa1
Info (12128): Elaborating entity "altsyncram_loa1" for hierarchy "sin_rom:inst5|altsyncram:altsyncram_component|altsyncram_loa1:auto_generated"
Info (12128): Elaborating entity "add_off" for hierarchy "add_off:inst6"
Info (12128): Elaborating entity "DFF32" for hierarchy "DFF32:inst"
Info (12128): Elaborating entity "ADDER32" for hierarchy "ADDER32:inst1"
Info (12128): Elaborating entity "lpm_add_sub" for hierarchy "ADDER32:inst1|lpm_add_sub:LPM_ADD_SUB_component"
Info (12130): Elaborated megafunction instantiation "ADDER32:inst1|lpm_add_sub:LPM_ADD_SUB_component"
Info (12133): Instantiated megafunction "ADDER32:inst1|lpm_add_sub:LPM_ADD_SUB_component" with the following parameter:
    Info (12134): Parameter "lpm_direction" = "ADD"
    Info (12134): Parameter "lpm_hint" = "ONE_INPUT_IS_CONSTANT=NO,CIN_USED=NO"
    Info (12134): Parameter "lpm_pipeline" = "1"
    Info (12134): Parameter "lpm_representation" = "UNSIGNED"
    Info (12134): Parameter "lpm_type" = "LPM_ADD_SUB"
    Info (12134): Parameter "lpm_width" = "32"
Info (12021): Found 1 design units, including 1 entities, in source file db/add_sub_trj.tdf
    Info (12023): Found entity 1: add_sub_trj
Info (12128): Elaborating entity "add_sub_trj" for hierarchy "ADDER32:inst1|lpm_add_sub:LPM_ADD_SUB_component|add_sub_trj:auto_generated"
Info (278001): Inferred 2 megafunctions from design logic
    Info (278004): Inferred divider/modulo megafunction ("lpm_divide") from the following logic: "add_off:inst6|Div1"
    Info (278004): Inferred divider/modulo megafunction ("lpm_divide") from the following logic: "add_off:inst6|Div0"
Info (12130): Elaborated megafunction instantiation "add_off:inst6|lpm_divide:Div1"
Info (12133): Instantiated megafunction "add_off:inst6|lpm_divide:Div1" with the following parameter:
    Info (12134): Parameter "LPM_WIDTHN" = "16"
    Info (12134): Parameter "LPM_WIDTHD" = "6"
    Info (12134): Parameter "LPM_NREPRESENTATION" = "UNSIGNED"
    Info (12134): Parameter "LPM_DREPRESENTATION" = "UNSIGNED"
Info (12021): Found 1 design units, including 1 entities, in source file db/lpm_divide_umm.tdf
    Info (12023): Found entity 1: lpm_divide_umm
Info (12021): Found 1 design units, including 1 entities, in source file db/sign_div_unsign_slh.tdf
    Info (12023): Found entity 1: sign_div_unsign_slh
Info (12021): Found 1 design units, including 1 entities, in source file db/alt_u_div_6bf.tdf
    Info (12023): Found entity 1: alt_u_div_6bf
Info (286030): Timing-Driven Synthesis is running
Info (17016): Found the following redundant logic cells in design
    Info (17048): Logic cell "add_off:inst6|lpm_divide:Div0|lpm_divide_umm:auto_generated|sign_div_unsign_slh:divider|alt_u_div_6bf:divider|add_sub_5_result_int[0]~12"
Info (144001): Generated suppressed messages file D:/TEMP/DDS/USER/output_files/DDS.map.smsg
Info (16010): Generating hard_block partition "hard_block:auto_generated_inst"
    Info (16011): Adding 0 node(s), including 0 DDIO, 0 PLL, 0 transceiver and 0 LCELL
Info (21057): Implemented 638 device resources after synthesis - the final resource count might be different
    Info (21058): Implemented 50 input pins
    Info (21059): Implemented 11 output pins
    Info (21061): Implemented 567 logic cells
    Info (21064): Implemented 10 RAM segments
Info: Quartus II 64-Bit Analysis & Synthesis was successful. 0 errors, 1 warning
    Info: Peak virtual memory: 4742 megabytes
    Info: Processing ended: Thu Dec 19 16:58:40 2024
    Info: Elapsed time: 00:00:03
    Info: Total CPU time (on all processors): 00:00:02


+------------------------------------------+
; Analysis & Synthesis Suppressed Messages ;
+------------------------------------------+
The suppressed messages can be found in D:/TEMP/DDS/USER/output_files/DDS.map.smsg.


