Flow report for DDS
Thu Dec 19 16:58:59 2024
Quartus II 64-Bit Version 13.1.0 Build 162 10/23/2013 SJ Full Version


---------------------
; Table of Contents ;
---------------------
  1. Legal Notice
  2. Flow Summary
  3. Flow Settings
  4. Flow Non-Default Global Settings
  5. Flow Elapsed Time
  6. Flow OS Summary
  7. Flow Log
  8. Flow Messages
  9. Flow Suppressed Messages



----------------
; Legal Notice ;
----------------
Copyright (C) 1991-2013 Altera Corporation
Your use of Altera Corporation's design tools, logic functions 
and other software and tools, and its AMPP partner logic 
functions, and any output files from any of the foregoing 
(including device programming or simulation files), and any 
associated documentation or information are expressly subject 
to the terms and conditions of the Altera Program License 
Subscription Agreement, Altera MegaCore Function License 
Agreement, or other applicable license agreement, including, 
without limitation, that your use is for the sole purpose of 
programming logic devices manufactured by Altera and sold by 
Altera or its authorized distributors.  Please refer to the 
applicable agreement for further details.



+----------------------------------------------------------------------------------+
; Flow Summary                                                                     ;
+------------------------------------+---------------------------------------------+
; Flow Status                        ; Successful - Thu Dec 19 16:58:59 2024       ;
; Quartus II 64-Bit Version          ; 13.1.0 Build 162 10/23/2013 SJ Full Version ;
; Revision Name                      ; DDS                                         ;
; Top-level Entity Name              ; DDS                                         ;
; Family                             ; Cyclone IV GX                               ;
; Total logic elements               ; 549 / 21,280 ( 3 % )                        ;
;     Total combinational functions  ; 524 / 21,280 ( 2 % )                        ;
;     Dedicated logic registers      ; 99 / 21,280 ( < 1 % )                       ;
; Total registers                    ; 99                                          ;
; Total pins                         ; 61 / 167 ( 37 % )                           ;
; Total virtual pins                 ; 0                                           ;
; Total memory bits                  ; 10,240 / 774,144 ( 1 % )                    ;
; Embedded Multiplier 9-bit elements ; 0 / 80 ( 0 % )                              ;
; Total GXB Receiver Channel PCS     ; 0 / 4 ( 0 % )                               ;
; Total GXB Receiver Channel PMA     ; 0 / 4 ( 0 % )                               ;
; Total GXB Transmitter Channel PCS  ; 0 / 4 ( 0 % )                               ;
; Total GXB Transmitter Channel PMA  ; 0 / 4 ( 0 % )                               ;
; Total PLLs                         ; 0 / 4 ( 0 % )                               ;
; Device                             ; EP4CGX22CF19C6                              ;
; Timing Models                      ; Final                                       ;
+------------------------------------+---------------------------------------------+


+-----------------------------------------+
; Flow Settings                           ;
+-------------------+---------------------+
; Option            ; Setting             ;
+-------------------+---------------------+
; Start date & time ; 12/19/2024 16:58:37 ;
; Main task         ; Compilation         ;
; Revision Name     ; DDS                 ;
+-------------------+---------------------+


+------------------------------------------------------------------------------------------------------------------------------------+
; Flow Non-Default Global Settings                                                                                                   ;
+--------------------------------------+----------------------------------------------+---------------+-------------+----------------+
; Assignment Name                      ; Value                                        ; Default Value ; Entity Name ; Section Id     ;
+--------------------------------------+----------------------------------------------+---------------+-------------+----------------+
; COMPILER_SIGNATURE_ID                ; 44440931110989.173459871700852               ; --            ; --          ; --             ;
; EDA_DESIGN_INSTANCE_NAME             ; NA                                           ; --            ; --          ; DDS_vlg_tst    ;
; EDA_GENERATE_FUNCTIONAL_NETLIST      ; On                                           ; --            ; --          ; eda_simulation ;
; EDA_NATIVELINK_SIMULATION_TEST_BENCH ; DDS_vlg_tst                                  ; --            ; --          ; eda_simulation ;
; EDA_NETLIST_WRITER_OUTPUT_DIR        ; D:/Quartus/project/DDS/USER/simulation/qsim/ ; --            ; --          ; eda_simulation ;
; EDA_OUTPUT_DATA_FORMAT               ; Verilog Hdl                                  ; --            ; --          ; eda_simulation ;
; EDA_SIMULATION_TOOL                  ; ModelSim-Altera (Verilog)                    ; <None>        ; --          ; --             ;
; EDA_TEST_BENCH_ENABLE_STATUS         ; TEST_BENCH_MODE                              ; --            ; --          ; eda_simulation ;
; EDA_TEST_BENCH_FILE                  ; simulation/qsim/DDS_vlg_tst.v                ; --            ; --          ; DDS_vlg_tst    ;
; EDA_TEST_BENCH_MODULE_NAME           ; DDS_vlg_tst                                  ; --            ; --          ; DDS_vlg_tst    ;
; EDA_TEST_BENCH_NAME                  ; DDS_vlg_tst                                  ; --            ; --          ; eda_simulation ;
; EDA_TIME_SCALE                       ; 1 ps                                         ; --            ; --          ; eda_simulation ;
; IP_TOOL_NAME                         ; LPM_ADD_SUB                                  ; --            ; --          ; --             ;
; IP_TOOL_NAME                         ; ROM: 1-PORT                                  ; --            ; --          ; --             ;
; IP_TOOL_NAME                         ; LPM_DIVIDE                                   ; --            ; --          ; --             ;
; IP_TOOL_VERSION                      ; 13.1                                         ; --            ; --          ; --             ;
; IP_TOOL_VERSION                      ; 13.1                                         ; --            ; --          ; --             ;
; IP_TOOL_VERSION                      ; 13.1                                         ; --            ; --          ; --             ;
; MISC_FILE                            ; ../LIB/ADDER32.bsf                           ; --            ; --          ; --             ;
; MISC_FILE                            ; ../LIB/ADDER32_bb.v                          ; --            ; --          ; --             ;
; MISC_FILE                            ; ../ROM/sin_rom.bsf                           ; --            ; --          ; --             ;
; MISC_FILE                            ; ../ROM/sin_rom_bb.v                          ; --            ; --          ; --             ;
; MISC_FILE                            ; ../LIB/DIV10.bsf                             ; --            ; --          ; --             ;
; MISC_FILE                            ; ../LIB/DIV10_bb.v                            ; --            ; --          ; --             ;
; PARTITION_COLOR                      ; 16764057                                     ; --            ; --          ; Top            ;
; PARTITION_FITTER_PRESERVATION_LEVEL  ; PLACEMENT_AND_ROUTING                        ; --            ; --          ; Top            ;
; PARTITION_NETLIST_TYPE               ; SOURCE                                       ; --            ; --          ; Top            ;
; PROJECT_OUTPUT_DIRECTORY             ; output_files                                 ; --            ; --          ; --             ;
+--------------------------------------+----------------------------------------------+---------------+-------------+----------------+


+-------------------------------------------------------------------------------------------------------------------------------+
; Flow Elapsed Time                                                                                                             ;
+---------------------------+--------------+-------------------------+---------------------+------------------------------------+
; Module Name               ; Elapsed Time ; Average Processors Used ; Peak Virtual Memory ; Total CPU Time (on all processors) ;
+---------------------------+--------------+-------------------------+---------------------+------------------------------------+
; Analysis & Synthesis      ; 00:00:02     ; 1.0                     ; 4742 MB             ; 00:00:02                           ;
; Fitter                    ; 00:00:10     ; 3.8                     ; 6004 MB             ; 00:00:12                           ;
; Assembler                 ; 00:00:01     ; 1.0                     ; 4657 MB             ; 00:00:01                           ;
; TimeQuest Timing Analyzer ; 00:00:02     ; 12.0                    ; 4798 MB             ; 00:00:02                           ;
; EDA Netlist Writer        ; 00:00:00     ; 1.0                     ; 4603 MB             ; 00:00:00                           ;
; Total                     ; 00:00:15     ; --                      ; --                  ; 00:00:17                           ;
+---------------------------+--------------+-------------------------+---------------------+------------------------------------+


+----------------------------------------------------------------------------------------+
; Flow OS Summary                                                                        ;
+---------------------------+------------------+-----------+------------+----------------+
; Module Name               ; Machine Hostname ; OS Name   ; OS Version ; Processor type ;
+---------------------------+------------------+-----------+------------+----------------+
; Analysis & Synthesis      ; 小新之家         ; Windows 7 ; 6.2        ; x86_64         ;
; Fitter                    ; 小新之家         ; Windows 7 ; 6.2        ; x86_64         ;
; Assembler                 ; 小新之家         ; Windows 7 ; 6.2        ; x86_64         ;
; TimeQuest Timing Analyzer ; 小新之家         ; Windows 7 ; 6.2        ; x86_64         ;
; EDA Netlist Writer        ; 小新之家         ; Windows 7 ; 6.2        ; x86_64         ;
+---------------------------+------------------+-----------+------------+----------------+


------------
; Flow Log ;
------------
quartus_map --read_settings_files=on --write_settings_files=off DDS -c DDS
quartus_fit --read_settings_files=off --write_settings_files=off DDS -c DDS
quartus_asm --read_settings_files=off --write_settings_files=off DDS -c DDS
quartus_sta DDS -c DDS
quartus_eda --read_settings_files=off --write_settings_files=off DDS -c DDS



